#
# A fatal error has been detected by the Java Runtime Environment:
#
#  EXCEPTION_ACCESS_VIOLATION (0xc0000005) at pc=0x00007fff664abaf3, pid=20556, tid=19804
#
# JRE version:  (11.0.22+9) (build )
# Java VM: Java HotSpot(TM) 64-Bit Server VM (11.0.22+9-LTS-219, mixed mode, sharing, tiered, compressed oops, g1 gc, windows-amd64)
# Problematic frame:
# V  [jvm.dll+0x1dbaf3]
#
# No core dump will be written. Minidumps are not enabled by default on client versions of Windows
#
#

---------------  S U M M A R Y ------------

Command Line: io.qameta.allure.CommandLine serve

Host: 11th Gen Intel(R) Core(TM) i7-1165G7 @ 2.80GHz, 8 cores, 31G,  Windows 11 , 64 bit Build 22621 (10.0.22621.3085)
Time: Fri Feb 16 12:58:56 2024 India Standard Time elapsed time: 0.020711 seconds (0d 0h 0m 0s)

---------------  T H R E A D  ---------------

Current thread (0x0000020c41445000):  JavaThread "Unknown thread" [_thread_in_vm, id=19804, stack(0x00000097e0100000,0x00000097e0200000)]

Stack: [0x00000097e0100000,0x00000097e0200000],  sp=0x00000097e01ff050,  free space=1020k
Native frames: (J=compiled Java code, j=interpreted, Vv=VM code, C=native code)
V  [jvm.dll+0x1dbaf3]
V  [jvm.dll+0x1d9d43]
V  [jvm.dll+0x36d08b]
V  [jvm.dll+0x7610af]
V  [jvm.dll+0x3df1c7]
V  [jvm.dll+0x3e1271]
C  [jli.dll+0x52e7]
C  [ucrtbase.dll+0x29363]
C  [KERNEL32.DLL+0x1257d]
C  [ntdll.dll+0x5aa58]


siginfo: EXCEPTION_ACCESS_VIOLATION (0xc0000005), reading address 0x0000000000000000


Registers:
RAX=0x000034af4f2a98e1, RBX=0x0000000000000000, RCX=0x0000000000000000, RDX=0x0000000000000000
RSP=0x00000097e01ff050, RBP=0x0000000000000000, RSI=0x0000020c41445000, RDI=0x0000000000000000
R8 =0x0000000000000000, R9 =0x0000000000000000, R10=0x0000000000000000, R11=0x00000097e01fee10
R12=0x0000000000000000, R13=0x00007fff668dafa0, R14=0x00000097e01ffd68, R15=0x0000000000000008
RIP=0x00007fff664abaf3, EFLAGS=0x0000000000010256

Top of Stack: (sp=0x00000097e01ff050)
0x00000097e01ff050:   0000020c3f9dbcf0 00007ff812a52990
0x00000097e01ff060:   0000000000000008 00000097e01ffd68
0x00000097e01ff070:   0000000000000000 0000000000000400
0x00000097e01ff080:   0000c22293b124fd 00007fff668dafa0
0x00000097e01ff090:   00000097e01ff570 00000097e01ffd68
0x00000097e01ff0a0:   00007fff668dafa0 0000000000000000
0x00000097e01ff0b0:   0000000000000008 0000000000000000
0x00000097e01ff0c0:   00007ffff7bd0000 00007fff66b5aa10
0x00000097e01ff0d0:   00007fff664a9bea 00007ff812a8234c
0x00000097e01ff0e0:   0000000000000000 00007fff669571e3
0x00000097e01ff0f0:   000034af4f2a98e1 00007fff668dafa0
0x00000097e01ff100:   0000000000000000 00007fff668dafa0
0x00000097e01ff110:   0000020c41445000 00000097e01ff230
0x00000097e01ff120:   0000020c3f9d41a0 00007fff664a9d43
0x00000097e01ff130:   00007ffff2170000 00007ffff7bdd250
0x00000097e01ff140:   00000097e01ff230 0000020c41445000 

Instructions: (pc=0x00007fff664abaf3)
0x00007fff664abad3:   00 48 33 c4 48 89 84 24 a0 00 00 00 48 8b e9 48
0x00007fff664abae3:   c7 c3 ff ff ff ff 0f 1f 80 00 00 00 00 48 ff c3
0x00007fff664abaf3:   80 3c 0b 00 75 f7 33 f6 c6 44 24 30 01 40 38 35
0x00007fff664abb03:   bf 05 8c 00 74 17 40 38 35 90 6b 8b 00 75 0e 33 



---------------  P R O C E S S  ---------------

Threads class SMR info:
_java_thread_list=0x0000020c3f9c3860, length=0, elements={
}

Java Threads: ( => current thread )

Other Threads:

=>0x0000020c41445000 (exited) JavaThread "Unknown thread" [_thread_in_vm, id=19804, stack(0x00000097e0100000,0x00000097e0200000)]

Threads with active compile tasks:

VM state:not at safepoint (not fully initialized)

VM Mutex/Monitor currently owned by a thread: None


[error occurred during error reporting (printing compressed oops mode), id 0xc0000005, EXCEPTION_ACCESS_VIOLATION (0xc0000005) at pc=0x00007fff66a4d5c7]

Deoptimization events (0 events):
No events

Classes redefined (0 events):
No events

Internal exceptions (0 events):
No events

Events (0 events):
No events


Dynamic libraries:
0x00007ff73b270000 - 0x00007ff73b280000 	C:\Program Files\Java\jdk-11\bin\java.exe
0x00007ff815450000 - 0x00007ff815667000 	C:\Windows\SYSTEM32\ntdll.dll
0x00007ff813fd0000 - 0x00007ff814094000 	C:\Windows\System32\KERNEL32.DLL
0x00007ff812a30000 - 0x00007ff812dd6000 	C:\Windows\System32\KERNELBASE.dll
0x00007ff812de0000 - 0x00007ff812ef1000 	C:\Windows\System32\ucrtbase.dll
0x00007ffff7c00000 - 0x00007ffff7c19000 	C:\Program Files\Java\jdk-11\bin\jli.dll
0x00007ffff7f10000 - 0x00007ffff7f2b000 	C:\Program Files\Java\jdk-11\bin\VCRUNTIME140.dll
0x00007ff813250000 - 0x00007ff813303000 	C:\Windows\System32\ADVAPI32.dll
0x00007ff8131a0000 - 0x00007ff813247000 	C:\Windows\System32\msvcrt.dll
0x00007ff8137d0000 - 0x00007ff813878000 	C:\Windows\System32\sechost.dll
0x00007ff812a00000 - 0x00007ff812a28000 	C:\Windows\System32\bcrypt.dll
0x00007ff813500000 - 0x00007ff813617000 	C:\Windows\System32\RPCRT4.dll
0x00007ff813620000 - 0x00007ff8137ce000 	C:\Windows\System32\USER32.dll
0x00007ff812930000 - 0x00007ff812956000 	C:\Windows\System32\win32u.dll
0x00007ff8011b0000 - 0x00007ff801443000 	C:\Windows\WinSxS\amd64_microsoft.windows.common-controls_6595b64144ccf1df_6.0.22621.2506_none_270c5ae97388e100\COMCTL32.dll
0x00007ff8134d0000 - 0x00007ff8134f9000 	C:\Windows\System32\GDI32.dll
0x00007ff812810000 - 0x00007ff812928000 	C:\Windows\System32\gdi32full.dll
0x00007ff812960000 - 0x00007ff8129fa000 	C:\Windows\System32\msvcp_win.dll
0x00007ff8034c0000 - 0x00007ff8034ca000 	C:\Windows\SYSTEM32\VERSION.dll
0x00007ff813c30000 - 0x00007ff813c61000 	C:\Windows\System32\IMM32.DLL
0x0000020c413f0000 - 0x0000020c41404000 	C:\Windows\System32\umppc17807.dll
0x00007ff8009f0000 - 0x00007ff8009fc000 	C:\Program Files\Java\jdk-11\bin\vcruntime140_1.dll
0x00007fffd9000000 - 0x00007fffd908e000 	C:\Program Files\Java\jdk-11\bin\msvcp140.dll
0x00007fff662d0000 - 0x00007fff66e3e000 	C:\Program Files\Java\jdk-11\bin\server\jvm.dll
0x00007ff815400000 - 0x00007ff815408000 	C:\Windows\System32\PSAPI.DLL
0x00007ffff82b0000 - 0x00007ffff82b9000 	C:\Windows\SYSTEM32\WSOCK32.dll
0x00007ff8152f0000 - 0x00007ff815361000 	C:\Windows\System32\WS2_32.dll
0x00007ff806030000 - 0x00007ff806064000 	C:\Windows\SYSTEM32\WINMM.dll
0x00007ff811790000 - 0x00007ff8117a8000 	C:\Windows\SYSTEM32\kernel.appcore.dll
0x00007ffff7da0000 - 0x00007ffff7db0000 	C:\Program Files\Java\jdk-11\bin\verify.dll
0x00007ff80fe80000 - 0x00007ff8100b3000 	C:\Windows\SYSTEM32\DBGHELP.DLL
0x00007ff8138a0000 - 0x00007ff813c29000 	C:\Windows\System32\combase.dll
0x00007ff814a20000 - 0x00007ff814af7000 	C:\Windows\System32\OLEAUT32.dll
0x00007ff801b00000 - 0x00007ff801b32000 	C:\Windows\SYSTEM32\dbgcore.DLL
0x00007ff812790000 - 0x00007ff81280a000 	C:\Windows\System32\bcryptPrimitives.dll
0x00007ffff7bd0000 - 0x00007ffff7bf8000 	C:\Program Files\Java\jdk-11\bin\java.dll
0x00007ffff7bc0000 - 0x00007ffff7bca000 	C:\Program Files\Java\jdk-11\bin\jimage.dll
0x00007ffff2170000 - 0x00007ffff2187000 	C:\Program Files\Java\jdk-11\bin\zip.dll

dbghelp: loaded successfully - version: 4.0.5 - missing functions: none
symbol engine: initialized successfully - sym options: 0x614 - pdb path: .;C:\Program Files\Java\jdk-11\bin;C:\Windows\SYSTEM32;C:\Windows\WinSxS\amd64_microsoft.windows.common-controls_6595b64144ccf1df_6.0.22621.2506_none_270c5ae97388e100;C:\Program Files\Java\jdk-11\bin\server

VM Arguments:
java_command: io.qameta.allure.CommandLine serve
java_class_path (initial): C:\Users\sonali\scoop\apps\allure\current\lib\allure-commandline-2.27.0.jar;C:\Users\sonali\scoop\apps\allure\current\lib\allure-generator-2.27.0.jar;C:\Users\sonali\scoop\apps\allure\current\lib\allure-model-2.25.0.jar;C:\Users\sonali\scoop\apps\allure\current\lib\allure-plugin-api-2.27.0.jar;C:\Users\sonali\scoop\apps\allure\current\lib\allure1-model-1.0.jar;C:\Users\sonali\scoop\apps\allure\current\lib\annotations-15.0.jar;C:\Users\sonali\scoop\apps\allure\current\lib\commons-beanutils-1.9.4.jar;C:\Users\sonali\scoop\apps\allure\current\lib\commons-codec-1.11.jar;C:\Users\sonali\scoop\apps\allure\current\lib\commons-collections-3.2.2.jar;C:\Users\sonali\scoop\apps\allure\current\lib\commons-collections4-4.2.jar;C:\Users\sonali\scoop\apps\allure\current\lib\commons-io-2.15.1.jar;C:\Users\sonali\scoop\apps\allure\current\lib\commons-lang3-3.14.0.jar;C:\Users\sonali\scoop\apps\allure\current\lib\commons-logging-1.2.jar;C:\Users\sonali\scoop\apps\allure\current\lib\commons-text-1.3.jar;C:\Users\sonali\scoop\apps\allure\current\lib\flexmark-0.62.2.jar;C:\Users\sonali\scoop\apps\allure\current\lib\flexmark-ext-tables-0.62.2.jar;C:\Users\sonali\scoop\apps\allure\current\lib\flexmark-util-0.62.2.jar;C:\Users\sonali\scoop\apps\allure\current\lib\flexmark-util-ast-0.62.2.jar;C:\Users\sonali\scoop\apps\allure\current\lib\flexmark-util-builder-0.62.2.jar;C:\Users\sonali\scoop\apps\allure\current\lib\flexmark-util-collection-0.62.2.jar;C:\Users\sonali\scoop\apps\allure\current\lib\flexmark-util-data-0.62.2.jar;C:\Users\sonali\scoop\apps\allure\current\lib\flexmark-util-dependency-0.62.2.jar;C:\Users\sonali\scoop\apps\allure\current\lib\flexmark-util-format-0.62.2.jar;C:\Users\sonali\scoop\apps\allure\current\lib\flexmark-util-html-0.62.2.jar;C:\Users\sonali\scoop\apps\allure\current\lib\flexmark-util-misc-0.62.2.jar;C:\Users\sonali\scoop\apps\allure\current\lib\flexmark-util-options-0.62.2.jar;C:\Users\sonali\scoop\apps\allure\current\lib\flexmark
Launcher Type: SUN_STANDARD

[Global flags]
     uint G1ConcRefinementThreads                  = 8                                         {product} {ergonomic}
    uintx GCDrainStackTargetSize                   = 64                                        {product} {ergonomic}
   size_t InitialHeapSize                          = 532525568                                 {product} {ergonomic}
   size_t MaxHeapSize                              = 8520409088                                {product} {ergonomic}
    uintx ReservedCodeCacheSize                    = 251658240                              {pd product} {ergonomic}
     bool SegmentedCodeCache                       = true                                      {product} {ergonomic}
     bool UseCompressedClassPointers               = true                                 {lp64_product} {ergonomic}
     bool UseCompressedOops                        = true                                 {lp64_product} {ergonomic}
     bool UseG1GC                                  = true                                      {product} {ergonomic}
     bool UseLargePagesIndividualAllocation        = false                                  {pd product} {ergonomic}

Logging:
Log output configuration:
 #0: stdout all=warning uptime,level,tags
 #1: stderr all=off uptime,level,tags

Environment Variables:
JAVA_HOME=C:\Program Files\Java\jdk-11
CLASSPATH=C:\Users\sonali\scoop\apps\allure\current\lib\*;C:\Users\sonali\scoop\apps\allure\current\lib\config
PATH=C:\Program Files\Common Files\Oracle\Java\javapath;C:\Program Files (x86)\RSA SecurID Token Common;C:\Windows\system32;C:\Windows;C:\Windows\System32\Wbem;C:\Windows\System32\WindowsPowerShell\v1.0\;C:\Windows\System32\OpenSSH\;C:\Program Files\Docker\Docker\resources\bin;C:\Program Files\Java\jdk-20\bin;C:\Program Files\Java\jdk-11\bin;C:\Program Files\apache-maven-3.9.6-bin\apache-maven-3.9.6\bin;C:\Program Files\nodejs\;C:\Users\sonali\scoop\apps\nodejs\current\bin;C:\Users\sonali\scoop\apps\nodejs\current;C:\Users\sonali\scoop\shims;C:\Program Files (x86)\RSA SecurID Token Common\;C:\Users\sonali\AppData\Local\Programs\Microsoft VS Code\bin;C:\Users\sonali\AppData\Roaming\npm
USERNAME=sonali
OS=Windows_NT
PROCESSOR_IDENTIFIER=Intel64 Family 6 Model 140 Stepping 1, GenuineIntel



---------------  S Y S T E M  ---------------

OS: Windows 11 , 64 bit Build 22621 (10.0.22621.3085)

CPU:total 8 (initial active 8) 

Memory: 4k page, system-wide physical 32502M (16132M free)
TotalPageFile size 50934M (AvailPageFile size 29932M)
current process WorkingSet (physical memory assigned to process): 9M, peak: 9M
current process commit charge ("private bytes"): 3M, peak: 3M

vm_info: Java HotSpot(TM) 64-Bit Server VM (11.0.22+9-LTS-219) for windows-amd64 JRE (11.0.22+9-LTS-219), built on Dec 19 2023 22:08:21 by "mach5one" with MS VC++ 17.1 (VS2022)

END.
